<?xml version="1.0" encoding="UTF-8"?>
<!-- Generated by org.testng.reporters.JUnitXMLReporter -->
<testsuite ignored="0" hostname="DESKTOP-T0OND4L" failures="0" tests="1" name="Test-Runner-edge" time="102.233" errors="0" timestamp="2023-03-31T17:50:38 IST">
  <testcase classname="Vtiger.genericUtilities.BaseClass" name="@BeforeTest bcConfig" time="13.611">
    <failure type="org.openqa.selenium.remote.http.ConnectionFailedException" message="Unable to establish websocket connection to http://localhost:52352/devtools/browser/151a48e4-4e56-4b12-90c3-c4a2d25373e8
Build info: version: &amp;apos;4.4.0&amp;apos;, revision: &amp;apos;e5c75ed026a&amp;apos;
System info: host: &amp;apos;DESKTOP-T0OND4L&amp;apos;, ip: &amp;apos;192.168.220.1&amp;apos;, os.name: &amp;apos;Windows 10&amp;apos;, os.arch: &amp;apos;amd64&amp;apos;, os.version: &amp;apos;10.0&amp;apos;, java.version: &amp;apos;17.0.5&amp;apos;
Driver info: driver.version: ChromeDriver">
      <![CDATA[org.openqa.selenium.remote.http.ConnectionFailedException: Unable to establish websocket connection to http://localhost:52352/devtools/browser/151a48e4-4e56-4b12-90c3-c4a2d25373e8
Build info: version: '4.4.0', revision: 'e5c75ed026a'
System info: host: 'DESKTOP-T0OND4L', ip: '192.168.220.1', os.name: 'Windows 10', os.arch: 'amd64', os.version: '10.0', java.version: '17.0.5'
Driver info: driver.version: ChromeDriver
at org.openqa.selenium.remote.http.netty.NettyWebSocket.<init>(NettyWebSocket.java:102)
at org.openqa.selenium.remote.http.netty.NettyWebSocket.lambda$create$3(NettyWebSocket.java:128)
at org.openqa.selenium.remote.http.netty.NettyClient.openSocket(NettyClient.java:106)
at org.openqa.selenium.devtools.Connection.<init>(Connection.java:77)
at org.openqa.selenium.chromium.ChromiumDriver.lambda$new$2(ChromiumDriver.java:116)
at java.base/java.util.Optional.map(Optional.java:260)
at org.openqa.selenium.chromium.ChromiumDriver.<init>(ChromiumDriver.java:114)
at org.openqa.selenium.chrome.ChromeDriver.<init>(ChromeDriver.java:81)
at org.openqa.selenium.chrome.ChromeDriver.<init>(ChromeDriver.java:49)
at Vtiger.genericUtilities.BaseClass.bcConfig(BaseClass.java:48)
at java.base/java.util.concurrent.FutureTask.run(FutureTask.java:264)
at java.base/java.util.concurrent.ThreadPoolExecutor.runWorker(ThreadPoolExecutor.java:1136)
at java.base/java.util.concurrent.ThreadPoolExecutor$Worker.run(ThreadPoolExecutor.java:635)
at java.base/java.lang.Thread.run(Thread.java:833)
... Removed 15 stack frames]]>
    </failure>
  </testcase> <!-- @BeforeTest bcConfig -->
  <testcase classname="Vtiger.genericUtilities.BaseClass" name="@BeforeMethod bmConfig" time="-1.680265149969E9">
    <skipped/>
  </testcase> <!-- @BeforeMethod bmConfig -->
  <testcase classname="Vtiger.genericUtilities.BaseClass" name="@AfterMethod amConfig" time="-1.680265149981E9">
    <skipped/>
  </testcase> <!-- @AfterMethod amConfig -->
  <testcase classname="Vtiger.genericUtilities.BaseClass" name="@AfterTest acConfig" time="-1.68026514999E9">
    <skipped/>
  </testcase> <!-- @AfterTest acConfig -->
  <testcase classname="VTiger.organizations.tests.CreateOrganizationTest" name="test" time="36.128"/>
</testsuite> <!-- Test-Runner-edge -->
